<?xml version="1.0" encoding="UTF-8"?>
<testng-results skipped="0" failed="0" ignored="5" total="8" passed="3">
  <reporter-output>
  </reporter-output>
  <suite name="Suite" duration-ms="20" started-at="2023-04-30T07:26:38Z" finished-at="2023-04-30T07:26:38Z">
    <groups>
      <group name="regression">
        <method signature="HomeLoanTest.test2()[pri:0, instance:testcases.HomeLoanTest@78b1cc93]" name="test2" class="testcases.HomeLoanTest"/>
      </group> <!-- regression -->
      <group name="sanity">
        <method signature="CreditCardTest.test4()[pri:0, instance:testcases.CreditCardTest@6295d394]" name="test4" class="testcases.CreditCardTest"/>
        <method signature="HomeLoanTest.test2()[pri:0, instance:testcases.HomeLoanTest@78b1cc93]" name="test2" class="testcases.HomeLoanTest"/>
      </group> <!-- sanity -->
    </groups>
    <test name="Test" duration-ms="20" started-at="2023-04-30T07:26:38Z" finished-at="2023-04-30T07:26:38Z">
      <class name="testcases.CarLoanTest">
        <test-method status="PASS" signature="test3()[pri:0, instance:testcases.CarLoanTest@143640d5]" name="test3" duration-ms="0" started-at="2023-04-30T07:26:38Z" finished-at="2023-04-30T07:26:38Z">
          <reporter-output>
          </reporter-output>
        </test-method> <!-- test3 -->
        <test-method status="PASS" signature="method2()[pri:0, instance:testcases.CarLoanTest@143640d5]" name="method2" is-config="true" duration-ms="0" started-at="2023-04-30T07:26:38Z" finished-at="2023-04-30T07:26:38Z">
          <reporter-output>
          </reporter-output>
        </test-method> <!-- method2 -->
        <test-method status="PASS" signature="method1()[pri:0, instance:testcases.CarLoanTest@143640d5]" name="method1" is-config="true" duration-ms="0" started-at="2023-04-30T07:26:38Z" finished-at="2023-04-30T07:26:38Z">
          <reporter-output>
          </reporter-output>
        </test-method> <!-- method1 -->
      </class> <!-- testcases.CarLoanTest -->
      <class name="testcases.CreditCardTest">
        <test-method status="PASS" signature="test4()[pri:0, instance:testcases.CreditCardTest@6295d394]" name="test4" duration-ms="1" started-at="2023-04-30T07:26:38Z" finished-at="2023-04-30T07:26:38Z">
          <reporter-output>
          </reporter-output>
        </test-method> <!-- test4 -->
        <test-method status="PASS" signature="method1()[pri:0, instance:testcases.CreditCardTest@6295d394]" name="method1" is-config="true" duration-ms="0" started-at="2023-04-30T07:26:38Z" finished-at="2023-04-30T07:26:38Z">
          <reporter-output>
          </reporter-output>
        </test-method> <!-- method1 -->
        <test-method status="PASS" signature="method2()[pri:0, instance:testcases.CreditCardTest@6295d394]" name="method2" is-config="true" duration-ms="0" started-at="2023-04-30T07:26:38Z" finished-at="2023-04-30T07:26:38Z">
          <reporter-output>
          </reporter-output>
        </test-method> <!-- method2 -->
      </class> <!-- testcases.CreditCardTest -->
      <class name="testcases.HomeLoanTest">
        <test-method status="PASS" signature="method3()[pri:0, instance:testcases.HomeLoanTest@78b1cc93]" name="method3" is-config="true" duration-ms="6" started-at="2023-04-30T07:26:38Z" finished-at="2023-04-30T07:26:38Z">
          <reporter-output>
          </reporter-output>
        </test-method> <!-- method3 -->
        <test-method status="PASS" signature="test2()[pri:0, instance:testcases.HomeLoanTest@78b1cc93]" name="test2" duration-ms="0" started-at="2023-04-30T07:26:38Z" finished-at="2023-04-30T07:26:38Z">
          <reporter-output>
          </reporter-output>
        </test-method> <!-- test2 -->
        <test-method status="PASS" signature="method1()[pri:0, instance:testcases.HomeLoanTest@78b1cc93]" name="method1" is-config="true" duration-ms="0" started-at="2023-04-30T07:26:38Z" finished-at="2023-04-30T07:26:38Z">
          <reporter-output>
          </reporter-output>
        </test-method> <!-- method1 -->
        <test-method status="PASS" signature="method2()[pri:0, instance:testcases.HomeLoanTest@78b1cc93]" name="method2" is-config="true" duration-ms="0" started-at="2023-04-30T07:26:38Z" finished-at="2023-04-30T07:26:38Z">
          <reporter-output>
          </reporter-output>
        </test-method> <!-- method2 -->
        <test-method status="PASS" signature="method4()[pri:0, instance:testcases.HomeLoanTest@78b1cc93]" name="method4" is-config="true" duration-ms="0" started-at="2023-04-30T07:26:38Z" finished-at="2023-04-30T07:26:38Z">
          <reporter-output>
          </reporter-output>
        </test-method> <!-- method4 -->
      </class> <!-- testcases.HomeLoanTest -->
    </test> <!-- Test -->
  </suite> <!-- Suite -->
</testng-results>
